<?xml version="1.0" encoding="UTF-8"?>
<testsuite xmlns:xsi="http://www.w3.org/2001/XMLSchema-instance" xsi:noNamespaceSchemaLocation="https://maven.apache.org/surefire/maven-surefire-plugin/xsd/surefire-test-report-3.0.xsd" version="3.0" name="TestSuite" time="31.904" tests="1" errors="0" skipped="0" failures="1">
  <properties>
[...]
</properties>
  <testcase name="validateLogin" classname="com.neopane.tests.OrangeLoginTest" time="10.501">
    <failure message="java.util.concurrent.ExecutionException: java.net.ConnectException: Connection refused: connect" type="org.testng.TestNGException"><![CDATA[org.testng.TestNGException: java.util.concurrent.ExecutionException: java.net.ConnectException: Connection refused: connect
Caused by: java.util.concurrent.ExecutionException: java.net.ConnectException: Connection refused: connect
Caused by: java.net.ConnectException: Connection refused: connect
]]></failure>
    <system-out><![CDATA[[{testdescription=To check whether the user can login, count=1, testname=validateLogin, priority=1, execute=yes}, {testdescription=To check whether the user skip can login, count=1, testname=validateLogin2, priority=1, execute=no}]
[{password=admin123, browser=chrome, testname=validateLogin, execute=yes, username=Admin}, {password=admin123, browser=ff, testname=validateLogin, execute=no, username=Admin}, {password=admin1234, browser=ff, testname=validateLogin, execute=no, username=admin}, {password=admin123, browser=chrome, testname=validateLogin2, execute=no, username=Admin}]
]]></system-out>
    <system-err><![CDATA[ERROR StatusLogger Log4j2 could not find a logging implementation. Please add log4j-core to the classpath. Using SimpleLogger to log to the console...
SLF4J(W): No SLF4J providers were found.
SLF4J(W): Defaulting to no-operation (NOP) logger implementation
SLF4J(W): See https://www.slf4j.org/codes.html#noProviders for further details.
Jul 03, 2024 4:17:05 PM org.openqa.selenium.devtools.CdpVersionFinder findNearestMatch
WARNING: Unable to find an exact match for CDP version 126, returning the closest version; found: 122; Please update to a Selenium version that supports CDP version 126
]]></system-err>
  </testcase>
</testsuite>