<?xml version="1.0" encoding="UTF-8"?>
<testng-results ignored="0" total="1" passed="1" failed="0" skipped="0">
  <reporter-output>
  </reporter-output>
  <suite started-at="2024-07-03T17:55:27 IST" name="Suite" finished-at="2024-07-03T17:55:56 IST" duration-ms="28666">
    <groups>
    </groups>
    <test started-at="2024-07-03T17:55:27 IST" name="Test" finished-at="2024-07-03T17:55:56 IST" duration-ms="28666">
      <class name="com.neopane.tests.OrangeLoginTest">
        <test-method is-config="true" signature="setUp([Ljava.lang.Object;)[pri:0, instance:com.neopane.tests.OrangeLoginTest@4659191b]" started-at="2024-07-03T17:55:31 IST" name="setUp" finished-at="2024-07-03T17:55:45 IST" duration-ms="14095" status="PASS">
          <params>
            <param index="0">
              <value>
                <![CDATA[[Ljava.lang.Object;@63716833]]>
              </value>
            </param>
          </params>
          <reporter-output>
          </reporter-output>
        </test-method> <!-- setUp -->
        <test-method signature="validateLogin(java.util.HashMap)[pri:0, instance:com.neopane.tests.OrangeLoginTest@4659191b]" started-at="2024-07-03T17:55:45 IST" name="validateLogin" description="To check whether the user can login" data-provider="getData" finished-at="2024-07-03T17:55:55 IST" duration-ms="10051" status="PASS">
          <params>
            <param index="0">
              <value>
                <![CDATA[{password=admin123, testname=validateLogin, execute=yes, browser=chrome, username=Admin}]]>
              </value>
            </param>
          </params>
          <reporter-output>
          </reporter-output>
        </test-method> <!-- validateLogin -->
        <test-method is-config="true" signature="tearDown()[pri:0, instance:com.neopane.tests.OrangeLoginTest@4659191b]" started-at="2024-07-03T17:55:55 IST" name="tearDown" finished-at="2024-07-03T17:55:56 IST" duration-ms="817" status="PASS">
          <reporter-output>
          </reporter-output>
        </test-method> <!-- tearDown -->
      </class> <!-- com.neopane.tests.OrangeLoginTest -->
    </test> <!-- Test -->
  </suite> <!-- Suite -->
</testng-results>
